<?xml version="1.0" encoding="UTF-8"?>
<!-- Generated by org.testng.reporters.JUnitXMLReporter -->
<testsuite ignored="0" hostname="LAPTOP-CO1F0SQJ" failures="0" tests="3" name="Test" time="118.471" errors="0" timestamp="2025-04-24T15:14:19 IST">
  <testcase classname="testCases.TC003_SearchFieldTest" name="searchfield_test" time="7.055"/>
  <testcase classname="testCases.TC002_NavigationTest" name="navigation_test" time="99.06"/>
  <testcase classname="testCases.TC001_LoginTest" name="verify_login" time="1.794"/>
</testsuite> <!-- Test -->
