<?xml version="1.0" encoding="UTF-8"?>
<testng-results ignored="0" total="3" passed="3" failed="0" skipped="0">
  <reporter-output>
  </reporter-output>
  <suite started-at="2025-04-24T15:12:20 IST" name="Suite" finished-at="2025-04-24T15:14:19 IST" duration-ms="118471">
    <groups>
    </groups>
    <test started-at="2025-04-24T15:12:20 IST" name="Test" finished-at="2025-04-24T15:14:19 IST" duration-ms="118471">
      <class name="testCases.TC001_LoginTest">
        <test-method is-config="true" signature="setup()[pri:0, instance:testCases.TC001_LoginTest@71809907]" started-at="2025-04-24T15:14:13 IST" name="setup" finished-at="2025-04-24T15:14:17 IST" duration-ms="3303" status="PASS">
          <reporter-output>
          </reporter-output>
        </test-method> <!-- setup -->
        <test-method signature="verify_login()[pri:0, instance:testCases.TC001_LoginTest@71809907]" started-at="2025-04-24T15:14:17 IST" name="verify_login" finished-at="2025-04-24T15:14:18 IST" duration-ms="1794" status="PASS">
          <reporter-output>
          </reporter-output>
        </test-method> <!-- verify_login -->
        <test-method is-config="true" signature="tearDown()[pri:0, instance:testCases.TC001_LoginTest@71809907]" started-at="2025-04-24T15:14:18 IST" name="tearDown" finished-at="2025-04-24T15:14:19 IST" duration-ms="194" status="PASS">
          <reporter-output>
          </reporter-output>
        </test-method> <!-- tearDown -->
      </class> <!-- testCases.TC001_LoginTest -->
      <class name="testCases.TC002_NavigationTest">
        <test-method is-config="true" signature="setup()[pri:0, instance:testCases.TC002_NavigationTest@6e20b53a]" started-at="2025-04-24T15:12:31 IST" name="setup" finished-at="2025-04-24T15:12:34 IST" duration-ms="2871" status="PASS">
          <reporter-output>
          </reporter-output>
        </test-method> <!-- setup -->
        <test-method signature="navigation_test()[pri:0, instance:testCases.TC002_NavigationTest@6e20b53a]" started-at="2025-04-24T15:12:34 IST" name="navigation_test" finished-at="2025-04-24T15:14:13 IST" duration-ms="99060" status="PASS">
          <reporter-output>
          </reporter-output>
        </test-method> <!-- navigation_test -->
        <test-method is-config="true" signature="tearDown()[pri:0, instance:testCases.TC002_NavigationTest@6e20b53a]" started-at="2025-04-24T15:14:13 IST" name="tearDown" finished-at="2025-04-24T15:14:13 IST" duration-ms="270" status="PASS">
          <reporter-output>
          </reporter-output>
        </test-method> <!-- tearDown -->
      </class> <!-- testCases.TC002_NavigationTest -->
      <class name="testCases.TC003_SearchFieldTest">
        <test-method is-config="true" signature="setup()[pri:0, instance:testCases.TC003_SearchFieldTest@62150f9e]" started-at="2025-04-24T15:12:20 IST" name="setup" finished-at="2025-04-24T15:12:24 IST" duration-ms="3653" status="PASS">
          <reporter-output>
          </reporter-output>
        </test-method> <!-- setup -->
        <test-method signature="searchfield_test()[pri:0, instance:testCases.TC003_SearchFieldTest@62150f9e]" started-at="2025-04-24T15:12:24 IST" name="searchfield_test" finished-at="2025-04-24T15:12:31 IST" duration-ms="7055" status="PASS">
          <reporter-output>
          </reporter-output>
        </test-method> <!-- searchfield_test -->
        <test-method is-config="true" signature="tearDown()[pri:0, instance:testCases.TC003_SearchFieldTest@62150f9e]" started-at="2025-04-24T15:12:31 IST" name="tearDown" finished-at="2025-04-24T15:12:31 IST" duration-ms="232" status="PASS">
          <reporter-output>
          </reporter-output>
        </test-method> <!-- tearDown -->
      </class> <!-- testCases.TC003_SearchFieldTest -->
    </test> <!-- Test -->
  </suite> <!-- Suite -->
</testng-results>
